#
# There is insufficient memory for the Java Runtime Environment to continue.
# Native memory allocation (malloc) failed to allocate 1503376 bytes for Chunk::new
# Possible reasons:
#   The system is out of physical RAM or swap space
#   The process is running with CompressedOops enabled, and the Java Heap may be blocking the growth of the native heap
# Possible solutions:
#   Reduce memory load on the system
#   Increase physical memory or swap space
#   Check if swap backing store is full
#   Decrease Java heap size (-Xmx/-Xms)
#   Decrease number of Java threads
#   Decrease Java thread stack sizes (-Xss)
#   Set larger code cache with -XX:ReservedCodeCacheSize=
#   JVM is running with Unscaled Compressed Oops mode in which the Java heap is
#     placed in the first 4GB address space. The Java Heap base address is the
#     maximum limit for the native heap growth. Please use -XX:HeapBaseMinAddress
#     to set the Java Heap base and to place the Java Heap above 4GB virtual address.
# This output file may be truncated or incomplete.
#
#  Out of Memory Error (t:/workspace/open/src/hotspot/share/memory/arena.cpp:197), pid=1496, tid=7268
#
# JRE version: Java(TM) SE Runtime Environment (12.0.1+12) (build 12.0.1+12)
# Java VM: Java HotSpot(TM) 64-Bit Server VM (12.0.1+12, mixed mode, sharing, tiered, compressed oops, g1 gc, windows-amd64)
# No core dump will be written. Minidumps are not enabled by default on client versions of Windows
#

---------------  S U M M A R Y ------------

Command Line: -Dfile.encoding=UTF-8 simrskhanza.SIMRSKhanza

Host: Intel(R) Core(TM) i5-8250U CPU @ 1.60GHz, 8 cores, 7G,  Windows 10 , 64 bit Build 18362 (10.0.18362.778)
Time: Sat May  9 09:32:24 2020 SE Asia Standard Time elapsed time: 17 seconds (0d 0h 0m 17s)

---------------  T H R E A D  ---------------

Current thread (0x0000024127bbf800):  JavaThread "C2 CompilerThread2" daemon [_thread_in_native, id=7268, stack(0x000000b965500000,0x000000b965600000)]


Current CompileTask:
C2:  17723 4316   !   4       javax.swing.text.AbstractDocument$LeafElement::<init> (58 bytes)

Stack: [0x000000b965500000,0x000000b965600000]
Native frames: (J=compiled Java code, j=interpreted, Vv=VM code, C=native code)
V  [jvm.dll+0x63948a]
V  [jvm.dll+0x78b31f]
V  [jvm.dll+0x78c9c1]
V  [jvm.dll+0x78d013]
V  [jvm.dll+0x262138]
V  [jvm.dll+0xc582c]
V  [jvm.dll+0xc5dac]
V  [jvm.dll+0x379662]
V  [jvm.dll+0x1aee00]
V  [jvm.dll+0x21c142]
V  [jvm.dll+0x21b20a]
V  [jvm.dll+0x199890]
V  [jvm.dll+0x22a534]
V  [jvm.dll+0x228b88]
V  [jvm.dll+0x74f660]
V  [jvm.dll+0x748648]
V  [jvm.dll+0x638566]
C  [ucrtbase.dll+0x20e72]
C  [KERNEL32.DLL+0x17bd4]
C  [ntdll.dll+0x6ce51]


---------------  P R O C E S S  ---------------

Threads class SMR info:
_java_thread_list=0x0000024127d22a40, length=20, elements={
0x0000024121f06800, 0x0000024121f08000, 0x0000024121f23800, 0x0000024121f24800,
0x0000024121f27800, 0x0000024121f2e000, 0x0000024121f37800, 0x0000024122aec800,
0x0000024122afd000, 0x0000024123313000, 0x000002412338c800, 0x0000024123313800,
0x00000241235ad800, 0x00000241235b6800, 0x000002410324b000, 0x000002412401c800,
0x000002412587f000, 0x0000024122a03800, 0x00000241231b7800, 0x0000024127bbf800
}

Java Threads: ( => current thread )
  0x0000024121f06800 JavaThread "Reference Handler" daemon [_thread_blocked, id=11572, stack(0x000000b963700000,0x000000b963800000)]
  0x0000024121f08000 JavaThread "Finalizer" daemon [_thread_blocked, id=5848, stack(0x000000b963800000,0x000000b963900000)]
  0x0000024121f23800 JavaThread "Signal Dispatcher" daemon [_thread_blocked, id=2956, stack(0x000000b963900000,0x000000b963a00000)]
  0x0000024121f24800 JavaThread "Attach Listener" daemon [_thread_blocked, id=6300, stack(0x000000b963a00000,0x000000b963b00000)]
  0x0000024121f27800 JavaThread "C2 CompilerThread0" daemon [_thread_in_native, id=2128, stack(0x000000b963b00000,0x000000b963c00000)]
  0x0000024121f2e000 JavaThread "C1 CompilerThread0" daemon [_thread_blocked, id=4692, stack(0x000000b963c00000,0x000000b963d00000)]
  0x0000024121f37800 JavaThread "Sweeper thread" daemon [_thread_blocked, id=10808, stack(0x000000b963d00000,0x000000b963e00000)]
  0x0000024122aec800 JavaThread "Service Thread" daemon [_thread_blocked, id=11720, stack(0x000000b963e00000,0x000000b963f00000)]
  0x0000024122afd000 JavaThread "Common-Cleaner" daemon [_thread_blocked, id=11284, stack(0x000000b964000000,0x000000b964100000)]
  0x0000024123313000 JavaThread "Java2D Disposer" daemon [_thread_blocked, id=3104, stack(0x000000b964400000,0x000000b964500000)]
  0x000002412338c800 JavaThread "AWT-Shutdown" [_thread_blocked, id=12832, stack(0x000000b964500000,0x000000b964600000)]
  0x0000024123313800 JavaThread "AWT-Windows" daemon [_thread_in_native, id=6552, stack(0x000000b964600000,0x000000b964700000)]
  0x00000241235ad800 JavaThread "AWT-EventQueue-0" [_thread_in_Java, id=7324, stack(0x000000b964800000,0x000000b964900000)]
  0x00000241235b6800 JavaThread "Swing-Shell" daemon [_thread_blocked, id=2088, stack(0x000000b964900000,0x000000b964a00000)]
  0x000002410324b000 JavaThread "DestroyJavaVM" [_thread_blocked, id=3720, stack(0x000000b963000000,0x000000b963100000)]
  0x000002412401c800 JavaThread "Abandoned connection cleanup thread" daemon [_thread_blocked, id=1360, stack(0x000000b965000000,0x000000b965100000)]
  0x000002412587f000 JavaThread "TimerQueue" daemon [_thread_blocked, id=13200, stack(0x000000b965400000,0x000000b965500000)]
  0x0000024122a03800 JavaThread "Image Fetcher 0" daemon [_thread_blocked, id=13184, stack(0x000000b964e00000,0x000000b964f00000)]
  0x00000241231b7800 JavaThread "C2 CompilerThread1" daemon [_thread_in_native, id=7604, stack(0x000000b964700000,0x000000b964800000)]
=>0x0000024127bbf800 JavaThread "C2 CompilerThread2" daemon [_thread_in_native, id=7268, stack(0x000000b965500000,0x000000b965600000)]

Other Threads:
  0x0000024121f03000 VMThread "VM Thread" [stack: 0x000000b963600000,0x000000b963700000] [id=11468]
  0x0000024122af0800 WatcherThread [stack: 0x000000b963f00000,0x000000b964000000] [id=12768]
  0x0000024103288800 GCTaskThread "GC Thread#0" [stack: 0x000000b963100000,0x000000b963200000] [id=9924]
  0x00000241234d2000 GCTaskThread "GC Thread#1" [stack: 0x000000b964200000,0x000000b964300000] [id=1876]
  0x00000241234d5800 GCTaskThread "GC Thread#2" [stack: 0x000000b964300000,0x000000b964400000] [id=1456]
  0x00000241234d4800 GCTaskThread "GC Thread#3" [stack: 0x000000b965100000,0x000000b965200000] [id=4416]
  0x00000241234d2800 GCTaskThread "GC Thread#4" [stack: 0x000000b965200000,0x000000b965300000] [id=5352]
  0x00000241234d3000 GCTaskThread "GC Thread#5" [stack: 0x000000b965300000,0x000000b965400000] [id=1468]
  0x0000024103297000 ConcurrentGCThread "G1 Main Marker" [stack: 0x000000b963200000,0x000000b963300000] [id=7412]
  0x000002410329b000 ConcurrentGCThread "G1 Conc#0" [stack: 0x000000b963300000,0x000000b963400000] [id=9920]
  0x00000241234d4000 ConcurrentGCThread "G1 Conc#1" [stack: 0x000000b964f00000,0x000000b965000000] [id=1824]
  0x0000024121d7e800 ConcurrentGCThread "G1 Refine#0" [stack: 0x000000b963400000,0x000000b963500000] [id=9276]
  0x0000024121d7f800 ConcurrentGCThread "G1 Young RemSet Sampling" [stack: 0x000000b963500000,0x000000b963600000] [id=2432]

Threads with active compile tasks:
C2 CompilerThread0  4259       4       javax.swing.text.AbstractDocument$AbstractElement::<init> (37 bytes)
C2 CompilerThread1  4435       4       java.lang.String::replace (149 bytes)
C2 CompilerThread2  4316   !   4       javax.swing.text.AbstractDocument$LeafElement::<init> (58 bytes)

VM state:not at safepoint (normal execution)

VM Mutex/Monitor currently owned by a thread: None

Heap address: 0x0000000081600000, size: 2026 MB, Compressed Oops mode: 32-bit
Narrow klass base: 0x0000000800000000, Narrow klass shift: 3
Compressed class space size: 1073741824 Address: 0x00000008011a0000

Heap:
 garbage-first heap   total 92160K, used 58824K [0x0000000081600000, 0x0000000100000000)
  region size 1024K, 11 young (11264K), 4 survivors (4096K)
 Metaspace       used 34272K, capacity 35004K, committed 35248K, reserved 1079296K
  class space    used 4586K, capacity 4857K, committed 4864K, reserved 1048576K
Heap Regions: E=young(eden), S=young(survivor), O=old, HS=humongous(starts), HC=humongous(continues), CS=collection set, F=free, A=archive, TAMS=top-at-mark-start (previous, next)
|   0|0x0000000081600000, 0x0000000081700000, 0x0000000081700000|100%|HS|  |TAMS 0x0000000081700000, 0x0000000081600000| Complete 
|   1|0x0000000081700000, 0x0000000081800000, 0x0000000081800000|100%|HS|  |TAMS 0x0000000081800000, 0x0000000081700000| Complete 
|   2|0x0000000081800000, 0x0000000081900000, 0x0000000081900000|100%|HC|  |TAMS 0x0000000081900000, 0x0000000081800000| Complete 
|   3|0x0000000081900000, 0x0000000081a00000, 0x0000000081a00000|100%|HS|  |TAMS 0x0000000081a00000, 0x0000000081900000| Complete 
|   4|0x0000000081a00000, 0x0000000081b00000, 0x0000000081b00000|100%| O|  |TAMS 0x0000000081b00000, 0x0000000081a00000| Untracked 
|   5|0x0000000081b00000, 0x0000000081c00000, 0x0000000081c00000|100%| O|  |TAMS 0x0000000081c00000, 0x0000000081b00000| Untracked 
|   6|0x0000000081c00000, 0x0000000081d00000, 0x0000000081d00000|100%| O|  |TAMS 0x0000000081d00000, 0x0000000081c00000| Untracked 
|   7|0x0000000081d00000, 0x0000000081e00000, 0x0000000081e00000|100%| O|  |TAMS 0x0000000081e00000, 0x0000000081d00000| Untracked 
|   8|0x0000000081e00000, 0x0000000081f00000, 0x0000000081f00000|100%| O|  |TAMS 0x0000000081f00000, 0x0000000081e00000| Untracked 
|   9|0x0000000081f00000, 0x0000000082000000, 0x0000000082000000|100%| O|  |TAMS 0x0000000082000000, 0x0000000081f00000| Untracked 
|  10|0x0000000082000000, 0x0000000082100000, 0x0000000082100000|100%| O|  |TAMS 0x0000000082100000, 0x0000000082000000| Untracked 
|  11|0x0000000082100000, 0x0000000082200000, 0x0000000082200000|100%| O|  |TAMS 0x0000000082200000, 0x0000000082100000| Untracked 
|  12|0x0000000082200000, 0x0000000082300000, 0x0000000082300000|100%| O|  |TAMS 0x0000000082300000, 0x0000000082200000| Untracked 
|  13|0x0000000082300000, 0x0000000082400000, 0x0000000082400000|100%| O|  |TAMS 0x0000000082400000, 0x0000000082300000| Untracked 
|  14|0x0000000082400000, 0x0000000082500000, 0x0000000082500000|100%| O|  |TAMS 0x0000000082500000, 0x0000000082400000| Untracked 
|  15|0x0000000082500000, 0x0000000082600000, 0x0000000082600000|100%| O|  |TAMS 0x0000000082600000, 0x0000000082500000| Untracked 
|  16|0x0000000082600000, 0x0000000082700000, 0x0000000082700000|100%| O|  |TAMS 0x0000000082700000, 0x0000000082600000| Untracked 
|  17|0x0000000082700000, 0x0000000082800000, 0x0000000082800000|100%| O|  |TAMS 0x0000000082800000, 0x0000000082700000| Untracked 
|  18|0x0000000082800000, 0x0000000082900000, 0x0000000082900000|100%| O|  |TAMS 0x0000000082900000, 0x0000000082800000| Untracked 
|  19|0x0000000082900000, 0x0000000082a00000, 0x0000000082a00000|100%| O|  |TAMS 0x0000000082a00000, 0x0000000082900000| Untracked 
|  20|0x0000000082a00000, 0x0000000082b00000, 0x0000000082b00000|100%| O|  |TAMS 0x0000000082b00000, 0x0000000082a00000| Untracked 
|  21|0x0000000082b00000, 0x0000000082bc6400, 0x0000000082c00000| 77%| O|  |TAMS 0x0000000082bc6400, 0x0000000082b00000| Untracked 
|  22|0x0000000082c00000, 0x0000000082d00000, 0x0000000082d00000|100%| O|  |TAMS 0x0000000082d00000, 0x0000000082c00000| Untracked 
|  23|0x0000000082d00000, 0x0000000082e00000, 0x0000000082e00000|100%| O|  |TAMS 0x0000000082e00000, 0x0000000082d00000| Untracked 
|  24|0x0000000082e00000, 0x0000000082f00000, 0x0000000082f00000|100%| O|  |TAMS 0x0000000082f00000, 0x0000000082e00000| Untracked 
|  25|0x0000000082f00000, 0x0000000083000000, 0x0000000083000000|100%| O|  |TAMS 0x0000000083000000, 0x0000000082f00000| Untracked 
|  26|0x0000000083000000, 0x0000000083100000, 0x0000000083100000|100%| O|  |TAMS 0x0000000083100000, 0x0000000083000000| Untracked 
|  27|0x0000000083100000, 0x0000000083200000, 0x0000000083200000|100%| O|  |TAMS 0x0000000083200000, 0x0000000083100000| Untracked 
|  28|0x0000000083200000, 0x0000000083300000, 0x0000000083300000|100%| O|  |TAMS 0x0000000083300000, 0x0000000083200000| Untracked 
|  29|0x0000000083300000, 0x0000000083400000, 0x0000000083400000|100%| O|  |TAMS 0x0000000083400000, 0x0000000083300000| Untracked 
|  30|0x0000000083400000, 0x0000000083500000, 0x0000000083500000|100%| O|  |TAMS 0x0000000083500000, 0x0000000083400000| Untracked 
|  31|0x0000000083500000, 0x0000000083600000, 0x0000000083600000|100%| O|  |TAMS 0x0000000083600000, 0x0000000083500000| Untracked 
|  32|0x0000000083600000, 0x0000000083700000, 0x0000000083700000|100%| O|  |TAMS 0x0000000083700000, 0x0000000083600000| Untracked 
|  33|0x0000000083700000, 0x0000000083800000, 0x0000000083800000|100%| O|  |TAMS 0x0000000083800000, 0x0000000083700000| Untracked 
|  34|0x0000000083800000, 0x0000000083900000, 0x0000000083900000|100%| O|  |TAMS 0x0000000083900000, 0x0000000083800000| Untracked 
|  35|0x0000000083900000, 0x0000000083a00000, 0x0000000083a00000|100%| O|  |TAMS 0x0000000083a00000, 0x0000000083900000| Untracked 
|  36|0x0000000083a00000, 0x0000000083b00000, 0x0000000083b00000|100%| O|  |TAMS 0x0000000083b00000, 0x0000000083a00000| Untracked 
|  37|0x0000000083b00000, 0x0000000083c00000, 0x0000000083c00000|100%| O|  |TAMS 0x0000000083c00000, 0x0000000083b00000| Untracked 
|  38|0x0000000083c00000, 0x0000000083d00000, 0x0000000083d00000|100%| O|  |TAMS 0x0000000083d00000, 0x0000000083c00000| Untracked 
|  39|0x0000000083d00000, 0x0000000083e00000, 0x0000000083e00000|100%| O|  |TAMS 0x0000000083e00000, 0x0000000083d00000| Untracked 
|  40|0x0000000083e00000, 0x0000000083f00000, 0x0000000083f00000|100%| O|  |TAMS 0x0000000083f00000, 0x0000000083e00000| Untracked 
|  41|0x0000000083f00000, 0x0000000084000000, 0x0000000084000000|100%| O|  |TAMS 0x0000000083f69200, 0x0000000083f00000| Untracked 
|  42|0x0000000084000000, 0x0000000084100000, 0x0000000084100000|100%| O|  |TAMS 0x0000000084000000, 0x0000000084000000| Untracked 
|  43|0x0000000084100000, 0x0000000084200000, 0x0000000084200000|100%| O|  |TAMS 0x0000000084100000, 0x0000000084100000| Untracked 
|  44|0x0000000084200000, 0x0000000084300000, 0x0000000084300000|100%| O|  |TAMS 0x0000000084200000, 0x0000000084200000| Untracked 
|  45|0x0000000084300000, 0x0000000084400000, 0x0000000084400000|100%| O|  |TAMS 0x0000000084300000, 0x0000000084300000| Untracked 
|  46|0x0000000084400000, 0x0000000084500000, 0x0000000084500000|100%| O|  |TAMS 0x0000000084400000, 0x0000000084400000| Untracked 
|  47|0x0000000084500000, 0x0000000084600000, 0x0000000084600000|100%| O|  |TAMS 0x0000000084500000, 0x0000000084500000| Untracked 
|  48|0x0000000084600000, 0x0000000084600000, 0x0000000084700000|  0%| F|  |TAMS 0x0000000084600000, 0x0000000084600000| Untracked 
|  49|0x0000000084700000, 0x0000000084700000, 0x0000000084800000|  0%| F|  |TAMS 0x0000000084700000, 0x0000000084700000| Untracked 
|  50|0x0000000084800000, 0x0000000084800000, 0x0000000084900000|  0%| F|  |TAMS 0x0000000084800000, 0x0000000084800000| Untracked 
|  51|0x0000000084900000, 0x0000000084900000, 0x0000000084a00000|  0%| F|  |TAMS 0x0000000084900000, 0x0000000084900000| Untracked 
|  52|0x0000000084a00000, 0x0000000084a00000, 0x0000000084b00000|  0%| F|  |TAMS 0x0000000084a00000, 0x0000000084a00000| Untracked 
|  53|0x0000000084b00000, 0x0000000084b00000, 0x0000000084c00000|  0%| F|  |TAMS 0x0000000084b00000, 0x0000000084b00000| Untracked 
|  54|0x0000000084c00000, 0x0000000084c00000, 0x0000000084d00000|  0%| F|  |TAMS 0x0000000084c00000, 0x0000000084c00000| Untracked 
|  55|0x0000000084d00000, 0x0000000084d00000, 0x0000000084e00000|  0%| F|  |TAMS 0x0000000084d00000, 0x0000000084d00000| Untracked 
|  56|0x0000000084e00000, 0x0000000084e00000, 0x0000000084f00000|  0%| F|  |TAMS 0x0000000084e00000, 0x0000000084e00000| Untracked 
|  57|0x0000000084f00000, 0x0000000084f00000, 0x0000000085000000|  0%| F|  |TAMS 0x0000000084f00000, 0x0000000084f00000| Untracked 
|  58|0x0000000085000000, 0x0000000085000000, 0x0000000085100000|  0%| F|  |TAMS 0x0000000085000000, 0x0000000085000000| Untracked 
|  59|0x0000000085100000, 0x0000000085100000, 0x0000000085200000|  0%| F|  |TAMS 0x0000000085100000, 0x0000000085100000| Untracked 
|  60|0x0000000085200000, 0x0000000085200000, 0x0000000085300000|  0%| F|  |TAMS 0x0000000085200000, 0x0000000085200000| Untracked 
|  61|0x0000000085300000, 0x00000000853abdb0, 0x0000000085400000| 67%| S|CS|TAMS 0x0000000085300000, 0x0000000085300000| Complete 
|  62|0x0000000085400000, 0x0000000085500000, 0x0000000085500000|100%| S|CS|TAMS 0x0000000085400000, 0x0000000085400000| Complete 
|  63|0x0000000085500000, 0x0000000085600000, 0x0000000085600000|100%| S|CS|TAMS 0x0000000085500000, 0x0000000085500000| Complete 
|  64|0x0000000085600000, 0x0000000085600000, 0x0000000085700000|  0%| F|  |TAMS 0x0000000085600000, 0x0000000085600000| Untracked 
|  65|0x0000000085700000, 0x0000000085700000, 0x0000000085800000|  0%| F|  |TAMS 0x0000000085700000, 0x0000000085700000| Untracked 
|  66|0x0000000085800000, 0x0000000085900000, 0x0000000085900000|100%| S|CS|TAMS 0x0000000085800000, 0x0000000085800000| Complete 
|  67|0x0000000085900000, 0x0000000085900000, 0x0000000085a00000|  0%| F|  |TAMS 0x0000000085900000, 0x0000000085900000| Untracked 
|  68|0x0000000085a00000, 0x0000000085a00000, 0x0000000085b00000|  0%| F|  |TAMS 0x0000000085a00000, 0x0000000085a00000| Untracked 
|  69|0x0000000085b00000, 0x0000000085b00000, 0x0000000085c00000|  0%| F|  |TAMS 0x0000000085b00000, 0x0000000085b00000| Untracked 
|  70|0x0000000085c00000, 0x0000000085c00000, 0x0000000085d00000|  0%| F|  |TAMS 0x0000000085c00000, 0x0000000085c00000| Untracked 
|  71|0x0000000085d00000, 0x0000000085d00000, 0x0000000085e00000|  0%| F|  |TAMS 0x0000000085d00000, 0x0000000085d00000| Untracked 
|  72|0x0000000085e00000, 0x0000000085e00000, 0x0000000085f00000|  0%| F|  |TAMS 0x0000000085e00000, 0x0000000085e00000| Untracked 
|  73|0x0000000085f00000, 0x0000000085f00000, 0x0000000086000000|  0%| F|  |TAMS 0x0000000085f00000, 0x0000000085f00000| Untracked 
|  74|0x0000000086000000, 0x0000000086000000, 0x0000000086100000|  0%| F|  |TAMS 0x0000000086000000, 0x0000000086000000| Untracked 
|  75|0x0000000086100000, 0x0000000086100000, 0x0000000086200000|  0%| F|  |TAMS 0x0000000086100000, 0x0000000086100000| Untracked 
|  76|0x0000000086200000, 0x0000000086200000, 0x0000000086300000|  0%| F|  |TAMS 0x0000000086200000, 0x0000000086200000| Untracked 
|  77|0x0000000086300000, 0x0000000086300000, 0x0000000086400000|  0%| F|  |TAMS 0x0000000086300000, 0x0000000086300000| Untracked 
|  78|0x0000000086400000, 0x0000000086400000, 0x0000000086500000|  0%| F|  |TAMS 0x0000000086400000, 0x0000000086400000| Untracked 
|  79|0x0000000086500000, 0x0000000086500000, 0x0000000086600000|  0%| F|  |TAMS 0x0000000086500000, 0x0000000086500000| Untracked 
|  80|0x0000000086600000, 0x0000000086600000, 0x0000000086700000|  0%| F|  |TAMS 0x0000000086600000, 0x0000000086600000| Untracked 
|  81|0x0000000086700000, 0x0000000086700000, 0x0000000086800000|  0%| F|  |TAMS 0x0000000086700000, 0x0000000086700000| Untracked 
|  82|0x0000000086800000, 0x0000000086800000, 0x0000000086900000|  0%| F|  |TAMS 0x0000000086800000, 0x0000000086800000| Untracked 
|  83|0x0000000086900000, 0x00000000869c9398, 0x0000000086a00000| 78%| E|  |TAMS 0x0000000086900000, 0x0000000086900000| Complete 
|  84|0x0000000086a00000, 0x0000000086b00000, 0x0000000086b00000|100%| E|CS|TAMS 0x0000000086a00000, 0x0000000086a00000| Complete 
| 115|0x0000000088900000, 0x0000000088a00000, 0x0000000088a00000|100%| E|CS|TAMS 0x0000000088900000, 0x0000000088900000| Complete 
| 116|0x0000000088a00000, 0x0000000088b00000, 0x0000000088b00000|100%| E|CS|TAMS 0x0000000088a00000, 0x0000000088a00000| Complete 
| 117|0x0000000088b00000, 0x0000000088c00000, 0x0000000088c00000|100%| E|CS|TAMS 0x0000000088b00000, 0x0000000088b00000| Complete 
| 118|0x0000000088c00000, 0x0000000088d00000, 0x0000000088d00000|100%| E|CS|TAMS 0x0000000088c00000, 0x0000000088c00000| Complete 
| 127|0x0000000089500000, 0x0000000089600000, 0x0000000089600000|100%| E|CS|TAMS 0x0000000089500000, 0x0000000089500000| Complete 

Card table byte_map: [0x000002411ad70000,0x000002411b170000] _byte_map_base: 0x000002411a965000

Marking Bits (Prev, Next): (CMBitMap*) 0x00000241032894f8, (CMBitMap*) 0x0000024103289538
 Prev Bits: [0x000002411b570000, 0x000002411d518000)
 Next Bits: [0x000002411d520000, 0x000002411f4c8000)

Polling page: 0x0000024101250000

Metaspace:

Usage:
  Non-class:     29.44 MB capacity,    29.00 MB ( 99%) used,   377.60 KB (  1%) free+waste,    73.94 KB ( <1%) overhead. 
      Class:      4.74 MB capacity,     4.48 MB ( 95%) used,   229.35 KB (  5%) free+waste,    36.69 KB ( <1%) overhead. 
       Both:     34.18 MB capacity,    33.48 MB ( 98%) used,   606.95 KB (  2%) free+waste,   110.63 KB ( <1%) overhead. 

Virtual space:
  Non-class space:       30.00 MB reserved,      29.67 MB ( 99%) committed 
      Class space:        1.00 GB reserved,       4.75 MB ( <1%) committed 
             Both:        1.03 GB reserved,      34.42 MB (  3%) committed 

Chunk freelists:
   Non-Class:  5.63 KB
       Class:  896 bytes
        Both:  6.50 KB

CodeHeap 'non-profiled nmethods': size=120000Kb used=2645Kb max_used=2645Kb free=117355Kb
 bounds [0x0000024113110000, 0x00000241133b0000, 0x000002411a640000]
CodeHeap 'profiled nmethods': size=120000Kb used=9545Kb max_used=9545Kb free=110454Kb
 bounds [0x000002410bbe0000, 0x000002410c540000, 0x0000024113110000]
CodeHeap 'non-nmethods': size=5760Kb used=1314Kb max_used=1365Kb free=4445Kb
 bounds [0x000002410b640000, 0x000002410b8b0000, 0x000002410bbe0000]
 total_blobs=6317 nmethods=4027 adapters=625
 compilation: enabled
              stopped_count=0, restarted_count=0
 full_count=0

Compilation events (10 events):
Event: 17.662 Thread 0x0000024121f2e000 4429       3       javax.swing.text.DefaultCaret::ensureValidPosition (38 bytes)
Event: 17.663 Thread 0x0000024121f2e000 nmethod 4429 0x000002410c52f910 code [0x000002410c52fb20, 0x000002410c530250]
Event: 17.667 Thread 0x0000024121f2e000 4434       3       javax.swing.DefaultSingleSelectionModel::<init> (26 bytes)
Event: 17.668 Thread 0x0000024121f2e000 nmethod 4434 0x000002410c530490 code [0x000002410c530660, 0x000002410c530a58]
Event: 17.683 Thread 0x00000241231b7800 nmethod 4422 0x00000241133a3410 code [0x00000241133a36c0, 0x00000241133a4a20]
Event: 17.683 Thread 0x00000241231b7800 4433       4       java.awt.Component::isEnabled (5 bytes)
Event: 17.684 Thread 0x00000241231b7800 nmethod 4433 0x00000241133a5410 code [0x00000241133a55a0, 0x00000241133a5618]
Event: 17.684 Thread 0x00000241231b7800 4431       4       java.util.LinkedHashMap::afterNodeInsertion (40 bytes)
Event: 17.684 Thread 0x00000241231b7800 nmethod 4431 0x00000241133a5690 code [0x00000241133a5840, 0x00000241133a58f8]
Event: 17.689 Thread 0x00000241231b7800 4435       4       java.lang.String::replace (149 bytes)

GC Heap History (10 events):
Event: 10.235 GC heap before
{Heap before GC invocations=7 (full 0):
 garbage-first heap   total 92160K, used 64506K [0x0000000081600000, 0x0000000100000000)
  region size 1024K, 33 young (33792K), 3 survivors (3072K)
 Metaspace       used 29632K, capacity 30108K, committed 30384K, reserved 1075200K
  class space    used 3771K, capacity 3979K, committed 4096K, reserved 1048576K
}
Event: 10.241 GC heap after
{Heap after GC invocations=8 (full 0):
 garbage-first heap   total 92160K, used 37459K [0x0000000081600000, 0x0000000100000000)
  region size 1024K, 5 young (5120K), 5 survivors (5120K)
 Metaspace       used 29632K, capacity 30108K, committed 30384K, reserved 1075200K
  class space    used 3771K, capacity 3979K, committed 4096K, reserved 1048576K
}
Event: 13.897 GC heap before
{Heap before GC invocations=8 (full 0):
 garbage-first heap   total 92160K, used 67155K [0x0000000081600000, 0x0000000100000000)
  region size 1024K, 34 young (34816K), 5 survivors (5120K)
 Metaspace       used 31027K, capacity 31785K, committed 31920K, reserved 1077248K
  class space    used 3953K, capacity 4227K, committed 4352K, reserved 1048576K
}
Event: 13.910 GC heap after
{Heap after GC invocations=9 (full 0):
 garbage-first heap   total 92160K, used 42316K [0x0000000081600000, 0x0000000100000000)
  region size 1024K, 5 young (5120K), 5 survivors (5120K)
 Metaspace       used 31027K, capacity 31785K, committed 31920K, reserved 1077248K
  class space    used 3953K, capacity 4227K, committed 4352K, reserved 1048576K
}
Event: 15.469 GC heap before
{Heap before GC invocations=9 (full 0):
 garbage-first heap   total 92160K, used 68940K [0x0000000081600000, 0x0000000100000000)
  region size 1024K, 31 young (31744K), 5 survivors (5120K)
 Metaspace       used 31848K, capacity 32620K, committed 32816K, reserved 1077248K
  class space    used 4149K, capacity 4419K, committed 4480K, reserved 1048576K
}
Event: 15.480 GC heap after
{Heap after GC invocations=10 (full 0):
 garbage-first heap   total 92160K, used 45813K [0x0000000081600000, 0x0000000100000000)
  region size 1024K, 4 young (4096K), 4 survivors (4096K)
 Metaspace       used 31848K, capacity 32620K, committed 32816K, reserved 1077248K
  class space    used 4149K, capacity 4419K, committed 4480K, reserved 1048576K
}
Event: 17.003 GC heap before
{Heap before GC invocations=10 (full 0):
 garbage-first heap   total 92160K, used 69365K [0x0000000081600000, 0x0000000100000000)
  region size 1024K, 28 young (28672K), 4 survivors (4096K)
 Metaspace       used 32686K, capacity 33454K, committed 33712K, reserved 1079296K
  class space    used 4283K, capacity 4547K, committed 4608K, reserved 1048576K
}
Event: 17.013 GC heap after
{Heap after GC invocations=11 (full 0):
 garbage-first heap   total 92160K, used 48879K [0x0000000081600000, 0x0000000100000000)
  region size 1024K, 3 young (3072K), 3 survivors (3072K)
 Metaspace       used 32686K, capacity 33454K, committed 33712K, reserved 1079296K
  class space    used 4283K, capacity 4547K, committed 4608K, reserved 1048576K
}
Event: 17.708 GC heap before
{Heap before GC invocations=12 (full 0):
 garbage-first heap   total 92160K, used 72431K [0x0000000081600000, 0x0000000100000000)
  region size 1024K, 26 young (26624K), 3 survivors (3072K)
 Metaspace       used 34104K, capacity 34812K, committed 34992K, reserved 1079296K
  class space    used 4531K, capacity 4793K, committed 4864K, reserved 1048576K
}
Event: 17.714 GC heap after
{Heap after GC invocations=13 (full 0):
 garbage-first heap   total 92160K, used 52680K [0x0000000081600000, 0x0000000100000000)
  region size 1024K, 4 young (4096K), 4 survivors (4096K)
 Metaspace       used 34104K, capacity 34812K, committed 34992K, reserved 1079296K
  class space    used 4531K, capacity 4793K, committed 4864K, reserved 1048576K
}

Deoptimization events (10 events):
Event: 15.687 Thread 0x00000241235ad800 Uncommon trap: reason=class_check action=maybe_recompile pc=0x0000024113120614 method=java.lang.String.equals(Ljava/lang/Object;)Z @ 8 c2
Event: 16.270 Thread 0x00000241235ad800 Uncommon trap: reason=intrinsic_or_type_checked_inlining action=make_not_entrant pc=0x000002411335851c method=javax.swing.text.AbstractDocument$BranchElement.replace(II[Ljavax/swing/text/Element;)V @ 87 c2
Event: 17.306 Thread 0x00000241235ad800 Uncommon trap: reason=class_check action=maybe_recompile pc=0x0000024113307a90 method=javax.swing.LookAndFeel.installColors(Ljavax/swing/JComponent;Ljava/lang/String;Ljava/lang/String;)V @ 10 c2
Event: 17.331 Thread 0x00000241235ad800 Uncommon trap: reason=class_check action=maybe_recompile pc=0x000002411337b428 method=javax.swing.text.StyleContext$SmallAttributeSet.hashCode()I @ 19 c2
Event: 17.331 Thread 0x00000241235ad800 Uncommon trap: reason=class_check action=maybe_recompile pc=0x000002411337b428 method=javax.swing.text.StyleContext$SmallAttributeSet.hashCode()I @ 19 c2
Event: 17.331 Thread 0x00000241235ad800 Uncommon trap: reason=class_check action=maybe_recompile pc=0x000002411337b428 method=javax.swing.text.StyleContext$SmallAttributeSet.hashCode()I @ 19 c2
Event: 17.331 Thread 0x00000241235ad800 Uncommon trap: reason=class_check action=maybe_recompile pc=0x000002411337b428 method=javax.swing.text.StyleContext$SmallAttributeSet.hashCode()I @ 19 c2
Event: 17.333 Thread 0x00000241235ad800 Uncommon trap: reason=unstable_if action=reinterpret pc=0x0000024113171854 method=javax.swing.text.SimpleAttributeSet.addAttributes(Ljavax/swing/text/AttributeSet;)V @ 13 c2
Event: 17.343 Thread 0x00000241235ad800 Uncommon trap: reason=unstable_if action=reinterpret pc=0x00000241133156b0 method=java.lang.String.getChars(II[CI)V @ 23 c2
Event: 17.368 Thread 0x00000241235ad800 Uncommon trap: reason=unstable_if action=reinterpret pc=0x000002411317caf4 method=java.lang.CharacterDataLatin1.digit(II)I @ 12 c2

Classes redefined (0 events):
No events

Internal exceptions (10 events):
Event: 0.472 Thread 0x000002410324b000 Exception <a 'java/lang/ClassNotFoundException'{0x000000008939c560}: com/sun/swing/internal/plaf/basic/resources/spi/basicProvider> (0x000000008939c560) thrown at [t:/workspace/open/src/hotspot/share/classfile/systemDictionary.cpp, line 235]
Event: 1.189 Thread 0x00000241235ad800 Exception <a 'java/lang/NoSuchMethodError'{0x0000000088bb9758}: java.lang.invoke.DirectMethodHandle$Holder.invokeStaticInit(Ljava/lang/Object;IIII)Ljava/lang/Object;> (0x0000000088bb9758) thrown at [t:/workspace/open/src/hotspot/share/interpreter/linkReso
Event: 1.191 Thread 0x00000241235ad800 Exception <a 'sun/nio/fs/WindowsException'{0x0000000088bbf5e8}> (0x0000000088bbf5e8) thrown at [t:/workspace/open/src/hotspot/share/prims/jni.cpp, line 615]
Event: 1.192 Thread 0x00000241235ad800 Exception <a 'java/lang/NoSuchMethodError'{0x0000000088bc6db8}: java.lang.invoke.DirectMethodHandle$Holder.invokeSpecialIFC(Ljava/lang/Object;Ljava/lang/Object;I)I> (0x0000000088bc6db8) thrown at [t:/workspace/open/src/hotspot/share/interpreter/linkResolv
Event: 1.743 Thread 0x0000024123775000 Implicit null exception at 0x000002411312d0a4 to 0x000002411312d5b6
Event: 1.743 Thread 0x0000024123775000 Implicit null exception at 0x0000024113199024 to 0x000002411319950e
Event: 1.787 Thread 0x00000241235ad800 Exception <a 'java/lang/NoSuchMethodError'{0x0000000088ed3ac0}: java.lang.invoke.DirectMethodHandle$Holder.invokeStaticInit(Ljava/lang/Object;)V> (0x0000000088ed3ac0) thrown at [t:/workspace/open/src/hotspot/share/interpreter/linkResolver.cpp, line 777]
Event: 1.793 Thread 0x00000241235ad800 Exception <a 'java/lang/NoSuchMethodError'{0x0000000088efe5b0}: java.lang.invoke.Invokers$Holder.linkToTargetMethod(Ljava/lang/Object;ILjava/lang/Object;)Ljava/lang/Object;> (0x0000000088efe5b0) thrown at [t:/workspace/open/src/hotspot/share/interpreter/l
Event: 7.101 Thread 0x00000241235ad800 Implicit null exception at 0x000002411323fc75 to 0x0000024113241a3a
Event: 7.101 Thread 0x00000241235ad800 Implicit null exception at 0x0000024113216ed0 to 0x0000024113217052

Events (10 events):
Event: 17.718 loading class simrskhanza/DlgKasirRalan$75
Event: 17.718 loading class simrskhanza/DlgKasirRalan$75 done
Event: 17.719 loading class simrskhanza/DlgKasirRalan$76
Event: 17.719 loading class simrskhanza/DlgKasirRalan$76 done
Event: 17.719 loading class simrskhanza/DlgKasirRalan$77
Event: 17.719 loading class simrskhanza/DlgKasirRalan$77 done
Event: 17.720 loading class simrskhanza/DlgKasirRalan$78
Event: 17.720 loading class simrskhanza/DlgKasirRalan$78 done
Event: 17.721 loading class simrskhanza/DlgKasirRalan$79
Event: 17.721 loading class simrskhanza/DlgKasirRalan$79 done


Dynamic libraries:
0x00007ff7c8050000 - 0x00007ff7c805f000 	C:\Program Files\Java\jdk-12.0.1\bin\java.exe
0x00007ffc75900000 - 0x00007ffc75af0000 	C:\WINDOWS\SYSTEM32\ntdll.dll
0x00007ffc58770000 - 0x00007ffc58783000 	C:\Program Files\AVAST Software\Avast\aswhook.dll
0x00007ffc74a10000 - 0x00007ffc74ac2000 	C:\WINDOWS\System32\KERNEL32.DLL
0x00007ffc736b0000 - 0x00007ffc73953000 	C:\WINDOWS\System32\KERNELBASE.dll
0x00007ffc72970000 - 0x00007ffc72a6a000 	C:\WINDOWS\System32\ucrtbase.dll
0x00007ffc65e90000 - 0x00007ffc65ea8000 	C:\Program Files\Java\jdk-12.0.1\bin\jli.dll
0x00007ffc74da0000 - 0x00007ffc74e43000 	C:\WINDOWS\System32\ADVAPI32.dll
0x00007ffc74300000 - 0x00007ffc7439e000 	C:\WINDOWS\System32\msvcrt.dll
0x00007ffc739c0000 - 0x00007ffc73a57000 	C:\WINDOWS\System32\sechost.dll
0x00007ffc757a0000 - 0x00007ffc758c0000 	C:\WINDOWS\System32\RPCRT4.dll
0x00007ffc74e50000 - 0x00007ffc74fe4000 	C:\WINDOWS\System32\USER32.dll
0x00007ffc72940000 - 0x00007ffc72961000 	C:\WINDOWS\System32\win32u.dll
0x00007ffc74ad0000 - 0x00007ffc74af6000 	C:\WINDOWS\System32\GDI32.dll
0x00007ffc73510000 - 0x00007ffc736a4000 	C:\WINDOWS\System32\gdi32full.dll
0x00007ffc72cf0000 - 0x00007ffc72d8e000 	C:\WINDOWS\System32\msvcp_win.dll
0x00007ffc65b50000 - 0x00007ffc65b66000 	C:\Program Files\Java\jdk-12.0.1\bin\VCRUNTIME140.dll
0x00007ffc5b470000 - 0x00007ffc5b6f5000 	C:\WINDOWS\WinSxS\amd64_microsoft.windows.common-controls_6595b64144ccf1df_6.0.18362.778_none_e6c6b761130d4fb8\COMCTL32.dll
0x00007ffc75230000 - 0x00007ffc75566000 	C:\WINDOWS\System32\combase.dll
0x00007ffc72aa0000 - 0x00007ffc72b20000 	C:\WINDOWS\System32\bcryptPrimitives.dll
0x00007ffc6cb20000 - 0x00007ffc6cb2a000 	C:\WINDOWS\SYSTEM32\VERSION.dll
0x00007ffc73a60000 - 0x00007ffc73a8e000 	C:\WINDOWS\System32\IMM32.DLL
0x00007ffc47e50000 - 0x00007ffc47ef6000 	C:\Program Files\Java\jdk-12.0.1\bin\msvcp140.dll
0x00007ffc2bc70000 - 0x00007ffc2c7e4000 	C:\Program Files\Java\jdk-12.0.1\bin\server\jvm.dll
0x00007ffc74450000 - 0x00007ffc74458000 	C:\WINDOWS\System32\PSAPI.DLL
0x00007ffc5bc90000 - 0x00007ffc5bc99000 	C:\WINDOWS\SYSTEM32\WSOCK32.dll
0x00007ffc749a0000 - 0x00007ffc74a0f000 	C:\WINDOWS\System32\WS2_32.dll
0x00007ffc6fc20000 - 0x00007ffc6fc44000 	C:\WINDOWS\SYSTEM32\WINMM.dll
0x00007ffc6ef70000 - 0x00007ffc6ef9d000 	C:\WINDOWS\SYSTEM32\WINMMBASE.dll
0x00007ffc73960000 - 0x00007ffc739aa000 	C:\WINDOWS\System32\cfgmgr32.dll
0x00007ffc727d0000 - 0x00007ffc727e1000 	C:\WINDOWS\System32\kernel.appcore.dll
0x00007ffc64670000 - 0x00007ffc64681000 	C:\Program Files\Java\jdk-12.0.1\bin\verify.dll
0x00007ffc71100000 - 0x00007ffc712f4000 	C:\WINDOWS\SYSTEM32\DBGHELP.DLL
0x00007ffc6a1f0000 - 0x00007ffc6a21a000 	C:\WINDOWS\SYSTEM32\dbgcore.DLL
0x00007ffc5e090000 - 0x00007ffc5e0b6000 	C:\Program Files\Java\jdk-12.0.1\bin\java.dll
0x00007ffc5ed00000 - 0x00007ffc5ed17000 	C:\Program Files\Java\jdk-12.0.1\bin\zip.dll
0x00007ffc6d420000 - 0x00007ffc6d42a000 	C:\Program Files\Java\jdk-12.0.1\bin\jimage.dll
0x00007ffc73b40000 - 0x00007ffc74225000 	C:\WINDOWS\System32\SHELL32.dll
0x00007ffc73a90000 - 0x00007ffc73b39000 	C:\WINDOWS\System32\shcore.dll
0x00007ffc72d90000 - 0x00007ffc73510000 	C:\WINDOWS\System32\windows.storage.dll
0x00007ffc727f0000 - 0x00007ffc72813000 	C:\WINDOWS\System32\profapi.dll
0x00007ffc72840000 - 0x00007ffc7288a000 	C:\WINDOWS\System32\powrprof.dll
0x00007ffc727c0000 - 0x00007ffc727d0000 	C:\WINDOWS\System32\UMPDC.dll
0x00007ffc74b90000 - 0x00007ffc74be2000 	C:\WINDOWS\System32\shlwapi.dll
0x00007ffc72b20000 - 0x00007ffc72b37000 	C:\WINDOWS\System32\cryptsp.dll
0x00007ffc5ab30000 - 0x00007ffc5ab49000 	C:\Program Files\Java\jdk-12.0.1\bin\net.dll
0x00007ffc65250000 - 0x00007ffc65340000 	C:\WINDOWS\SYSTEM32\WINHTTP.dll
0x00007ffc5f4b0000 - 0x00007ffc5f685000 	C:\WINDOWS\SYSTEM32\urlmon.dll
0x00007ffc60e10000 - 0x00007ffc610b6000 	C:\WINDOWS\SYSTEM32\iertutil.dll
0x00007ffc72200000 - 0x00007ffc7220c000 	C:\WINDOWS\SYSTEM32\CRYPTBASE.DLL
0x00007ffc72030000 - 0x00007ffc72097000 	C:\WINDOWS\system32\mswsock.dll
0x00007ffc5ab10000 - 0x00007ffc5ab23000 	C:\Program Files\Java\jdk-12.0.1\bin\nio.dll
0x00007ffc3f5c0000 - 0x00007ffc3f75f000 	C:\Program Files\Java\jdk-12.0.1\bin\awt.dll
0x00007ffc74230000 - 0x00007ffc742f4000 	C:\WINDOWS\System32\OLEAUT32.dll
0x00007ffc6efa0000 - 0x00007ffc6f560000 	C:\WINDOWS\SYSTEM32\d2d1.dll
0x00007ffc705c0000 - 0x00007ffc7064f000 	C:\WINDOWS\SYSTEM32\apphelp.dll
0x00007ffc707b0000 - 0x00007ffc70849000 	C:\WINDOWS\system32\uxtheme.dll
0x00007ffc755e0000 - 0x00007ffc75716000 	C:\WINDOWS\System32\MSCTF.dll
0x00007ffc74ff0000 - 0x00007ffc75147000 	C:\WINDOWS\System32\ole32.dll
0x00007ffc70ce0000 - 0x00007ffc70d0d000 	C:\WINDOWS\system32\DWMAPI.DLL
0x00007ffc6d0e0000 - 0x00007ffc6d189000 	C:\WINDOWS\WinSxS\amd64_microsoft.windows.common-controls_6595b64144ccf1df_5.82.18362.778_none_2a29d4a64667eb69\comctl32.dll
0x00007ffc58250000 - 0x00007ffc582d0000 	C:\Program Files\Java\jdk-12.0.1\bin\freetype.dll
0x00007ffc47c70000 - 0x00007ffc47cdf000 	C:\Program Files\Java\jdk-12.0.1\bin\fontmanager.dll
0x00007ffc3fbd0000 - 0x00007ffc3fd26000 	C:\WINDOWS\system32\opengl32.dll
0x00007ffc5aae0000 - 0x00007ffc5ab0c000 	C:\WINDOWS\SYSTEM32\GLU32.dll
0x00007ffc71430000 - 0x00007ffc71450000 	C:\WINDOWS\SYSTEM32\dxcore.dll
0x00007ffc743a0000 - 0x00007ffc74442000 	C:\WINDOWS\System32\clbcatq.dll
0x00007ffc704d0000 - 0x00007ffc705bf000 	C:\WINDOWS\SYSTEM32\PROPSYS.dll
0x00007ffc5bf80000 - 0x00007ffc5bf96000 	C:\WINDOWS\system32\NetworkExplorer.dll
0x00007ffc55410000 - 0x00007ffc5542b000 	C:\WINDOWS\SYSTEM32\MPR.dll
0x00007ffc61130000 - 0x00007ffc6113b000 	C:\WINDOWS\System32\drprov.dll
0x00007ffc71890000 - 0x00007ffc718ec000 	C:\WINDOWS\System32\WINSTA.dll
0x00007ffc5be40000 - 0x00007ffc5be55000 	C:\WINDOWS\System32\ntlanman.dll
0x00007ffc5a6d0000 - 0x00007ffc5a6ed000 	C:\WINDOWS\System32\davclnt.dll
0x00007ffc5f730000 - 0x00007ffc5f73c000 	C:\WINDOWS\System32\DAVHLPR.dll
0x00007ffc6cc40000 - 0x00007ffc6cc57000 	C:\WINDOWS\System32\wkscli.dll
0x00007ffc72a70000 - 0x00007ffc72a96000 	C:\WINDOWS\System32\bcrypt.dll
0x00007ffc54d90000 - 0x00007ffc54da2000 	C:\WINDOWS\SYSTEM32\cscapi.dll
0x00007ffc71e50000 - 0x00007ffc71e5c000 	C:\WINDOWS\System32\netutils.dll
0x00007ffc6b3f0000 - 0x00007ffc6b443000 	C:\Windows\System32\dlnashext.dll
0x00007ffc5df90000 - 0x00007ffc5dff4000 	C:\Windows\System32\PlayToDevice.dll
0x00007ffc6e3c0000 - 0x00007ffc6e3e0000 	C:\Windows\System32\DevDispItemProvider.dll
0x00007ffc68bf0000 - 0x00007ffc68c62000 	C:\WINDOWS\System32\MMDevApi.dll
0x00007ffc725c0000 - 0x00007ffc725ea000 	C:\WINDOWS\System32\DEVOBJ.dll
0x00007ffc71d40000 - 0x00007ffc71d7a000 	C:\Windows\System32\IPHLPAPI.DLL
0x00007ffc739b0000 - 0x00007ffc739b8000 	C:\WINDOWS\System32\NSI.dll
0x00007ffc6bd20000 - 0x00007ffc6bd36000 	C:\WINDOWS\SYSTEM32\dhcpcsvc6.DLL
0x00007ffc6c940000 - 0x00007ffc6c95c000 	C:\WINDOWS\SYSTEM32\dhcpcsvc.DLL
0x00007ffc71d80000 - 0x00007ffc71e4a000 	C:\WINDOWS\SYSTEM32\DNSAPI.dll
0x00007ffc6cb90000 - 0x00007ffc6cb9b000 	C:\WINDOWS\SYSTEM32\WINNSI.DLL
0x00007ffc6e780000 - 0x00007ffc6e7be000 	C:\WINDOWS\System32\netprofm.dll
0x00007ffc6bc30000 - 0x00007ffc6bc40000 	C:\WINDOWS\System32\npmproxy.dll
0x00007ffc5c620000 - 0x00007ffc5c6bb000 	C:\WINDOWS\system32\wpdshext.dll
0x00007ffc6c700000 - 0x00007ffc6c8a3000 	C:\WINDOWS\WinSxS\amd64_microsoft.windows.gdiplus_6595b64144ccf1df_1.1.18362.778_none_17b1aa466d9fc986\gdiplus.dll
0x00007ffc41b20000 - 0x00007ffc41bbe000 	C:\Windows\System32\PortableDeviceApi.dll
0x00007ffc74460000 - 0x00007ffc748d0000 	C:\WINDOWS\System32\SETUPAPI.dll
0x00007ffc72c90000 - 0x00007ffc72cec000 	C:\WINDOWS\System32\WINTRUST.dll
0x00007ffc72820000 - 0x00007ffc72832000 	C:\WINDOWS\System32\MSASN1.dll
0x00007ffc72b40000 - 0x00007ffc72c89000 	C:\WINDOWS\System32\CRYPT32.dll
0x00007ffc581f0000 - 0x00007ffc58227000 	C:\Windows\System32\EhStorShell.dll
0x00007ffc611b0000 - 0x00007ffc611d5000 	C:\Windows\System32\EhStorAPI.dll
0x00007ffc6ec20000 - 0x00007ffc6ec33000 	C:\Windows\System32\WTSAPI32.dll
0x00007ffc58760000 - 0x00007ffc5876d000 	C:\WINDOWS\SYSTEM32\LINKINFO.dll
0x00007ffc65b40000 - 0x00007ffc65b4e000 	C:\Program Files\Java\jdk-12.0.1\bin\sunmscapi.dll
0x00007ffc72300000 - 0x00007ffc72326000 	C:\WINDOWS\SYSTEM32\ncrypt.dll
0x00007ffc722c0000 - 0x00007ffc722fb000 	C:\WINDOWS\SYSTEM32\NTASN1.dll
0x00007ffc5aab0000 - 0x00007ffc5aad7000 	C:\Program Files\Java\jdk-12.0.1\bin\sunec.dll
0x00007ffc5c730000 - 0x00007ffc5c73a000 	C:\Windows\System32\rasadhlp.dll
0x00007ffc6a380000 - 0x00007ffc6a3f7000 	C:\WINDOWS\System32\fwpuclnt.dll
0x00007ffc6adb0000 - 0x00007ffc6af5f000 	C:\WINDOWS\SYSTEM32\WindowsCodecs.dll
0x00007ffc5dd80000 - 0x00007ffc5ddba000 	C:\WINDOWS\system32\dataexchange.dll
0x00007ffc6f560000 - 0x00007ffc6f7bb000 	C:\WINDOWS\system32\d3d11.dll
0x00007ffc6fe00000 - 0x00007ffc6ffdc000 	C:\WINDOWS\system32\dcomp.dll
0x00007ffc714c0000 - 0x00007ffc715ab000 	C:\WINDOWS\system32\dxgi.dll
0x00007ffc70850000 - 0x00007ffc70aaa000 	C:\WINDOWS\system32\twinapi.appcore.dll
0x00007ffc70cb0000 - 0x00007ffc70cd9000 	C:\WINDOWS\system32\RMCLIENT.dll

dbghelp: loaded successfully - version: 4.0.5 - missing functions: none
symbol engine: initialized successfully - sym options: 0x614 - pdb path: .;C:\Program Files\Java\jdk-12.0.1\bin;C:\WINDOWS\SYSTEM32;C:\Program Files\AVAST Software\Avast;C:\WINDOWS\WinSxS\amd64_microsoft.windows.common-controls_6595b64144ccf1df_6.0.18362.778_none_e6c6b761130d4fb8;C:\Program Files\Java\jdk-12.0.1\bin\server;C:\WINDOWS\WinSxS\amd64_microsoft.windows.common-controls_6595b64144ccf1df_5.82.18362.778_none_2a29d4a64667eb69;C:\WINDOWS\WinSxS\amd64_microsoft.windows.gdiplus_6595b64144ccf1df_1.1.18362.778_none_17b1aa466d9fc986

VM Arguments:
jvm_args: -Dfile.encoding=UTF-8 
java_command: simrskhanza.SIMRSKhanza
java_class_path (initial): C:\Develop\lib\ant-1.7.1.jar;C:\Develop\lib\apache-httpcomponents-httpclient.jar;C:\Develop\lib\appframework-1.0.3.jar;C:\Develop\lib\barbecue-1.5-beta1.jar;C:\Develop\lib\batik-dom.jar;C:\Develop\lib\groovy-all-2.4.7.jar;C:\Develop\lib\bcel-5.2.jar;C:\Develop\lib\bcprov-jdk15on-154.jar;C:\Develop\lib\poi-4.1.0.jar;C:\Develop\lib\beansbinding-1.2.1.jar;C:\Develop\lib\bsh-2.0b4.jar;C:\Develop\lib\calendar-doc.jar;C:\Develop\lib\calendar-src.jar;C:\Develop\lib\calendar.jar;C:\Develop\lib\com-jaspersoft-ireport.jar;C:\Develop\lib\com.fasterxml.jackson.core.jar;C:\Develop\lib\comm.jar;C:\Develop\lib\common-javaFX-plugin.jar;C:\Develop\lib\commons-codec-1.10.jar;C:\Develop\lib\commons-javaflow-20060411.jar;C:\Develop\lib\commons-logging-1.2.jar;C:\Develop\lib\fluent-hc-4.5.1.jar;C:\Develop\lib\fontbox-2.0.13.jar;C:\Develop\lib\gson-2.2.2.jar;C:\Develop\lib\hibernate3.jar;C:\Develop\lib\hsqldb-1.8.0-10.jar;C:\Develop\lib\httpclient-4.5.1.jar;C:\Develop\lib\httpclient-cache-4.5.1.jar;C:\Develop\lib\httpclient-win-4.5.1.jar;C:\Develop\lib\httpcore-4.4.3.jar;C:\Develop\lib\httpmime-4.5.1.jar;C:\Develop\lib\iReport.jar;C:\Develop\lib\jackson-all-1.9.0.jar;C:\Develop\lib\jackson-databind-2.2.3.jar;C:\Develop\lib\java-json.jar;C:\Develop\lib\javaFX-jps-plugin.jar;C:\Develop\lib\javaFX.jar;C:\Develop\lib\jaxen-1.1.1.jar;C:\Develop\lib\jcalendar-1.4.jar;C:\Develop\lib\jcommon-1.0.15.jar;C:\Develop\lib\jdt-compiler-3.1.1.jar;C:\Develop\lib\jfreechart-1.0.12.jar;C:\Develop\lib\jl1.0.jar;C:\Develop\lib\jna-4.1.0.jar;C:\Develop\lib\jna-platform-4.1.0.jar;C:\Develop\lib\jpa.jar;C:\Develop\lib\junit-4.12.jar;C:\Develop\lib\KhanzaSecurity16bit.jar;C:\Develop\lib\log4j-1.2.15.jar;C:\Develop\lib\mondrian-3.1.1.12687.jar;C:\Develop\lib\org-apache-commons-codec.jar;C:\Develop\lib\org.apache.commons.httpclient.jar;C:\Develop\lib\org.springframework.core-3.2.0.RELEASE.jar;C:\Develop\lib\org.springframework.web-3.1.0.M2.jar;C:\Develop\lib\pdfbox-2.0.13.jar;C:\Devel
Launcher Type: SUN_STANDARD

[Global flags]
     intx CICompilerCount                          = 4                                         {product} {ergonomic}
     uint ConcGCThreads                            = 2                                         {product} {ergonomic}
     uint G1ConcRefinementThreads                  = 8                                         {product} {ergonomic}
   size_t G1HeapRegionSize                         = 1048576                                   {product} {ergonomic}
    uintx GCDrainStackTargetSize                   = 64                                        {product} {ergonomic}
   size_t InitialHeapSize                          = 134217728                                 {product} {ergonomic}
   size_t MarkStackSize                            = 4194304                                   {product} {ergonomic}
   size_t MaxHeapSize                              = 2124414976                                {product} {ergonomic}
   size_t MaxNewSize                               = 1274019840                                {product} {ergonomic}
   size_t MinHeapDeltaBytes                        = 1048576                                   {product} {ergonomic}
    uintx NonNMethodCodeHeapSize                   = 5836300                                {pd product} {ergonomic}
    uintx NonProfiledCodeHeapSize                  = 122910970                              {pd product} {ergonomic}
    uintx ProfiledCodeHeapSize                     = 122910970                              {pd product} {ergonomic}
    uintx ReservedCodeCacheSize                    = 251658240                              {pd product} {ergonomic}
     bool SegmentedCodeCache                       = true                                      {product} {ergonomic}
     bool UseCompressedClassPointers               = true                                 {lp64_product} {ergonomic}
     bool UseCompressedOops                        = true                                 {lp64_product} {ergonomic}
     bool UseG1GC                                  = true                                      {product} {ergonomic}
     bool UseLargePagesIndividualAllocation        = false                                  {pd product} {ergonomic}

Logging:
Log output configuration:
 #0: stdout all=warning uptime,level,tags
 #1: stderr all=off uptime,level,tags

Environment Variables:
JAVA_HOME=C:\Program Files\Java\jdk-12.0.1
PATH=C:\Program Files (x86)\Intel\Intel(R) Management Engine Components\iCLS\;C:\Program Files\Intel\Intel(R) Management Engine Components\iCLS\;C:\WINDOWS\system32;C:\WINDOWS;C:\WINDOWS\System32\Wbem;C:\WINDOWS\System32\WindowsPowerShell\v1.0\;C:\WINDOWS\System32\OpenSSH\;C:\Program Files (x86)\Intel\Intel(R) Management Engine Components\DAL;C:\Program Files\Intel\Intel(R) Management Engine Components\DAL;C:\Program Files\PuTTY\;C:\Program Files\Java\jdk-12.0.1\bin;C:\Users\LENOVO\AppData\Local\Microsoft\WindowsApps;C:\Users\LENOVO\AppData\Local\GitHubDesktop\bin;C:\Users\LENOVO\AppData\Local\Microsoft\WindowsApps;
USERNAME=LENOVO
OS=Windows_NT
PROCESSOR_IDENTIFIER=Intel64 Family 6 Model 142 Stepping 10, GenuineIntel



---------------  S Y S T E M  ---------------

OS: Windows 10 , 64 bit Build 18362 (10.0.18362.778)

CPU:total 8 (initial active 8) (4 cores per cpu, 2 threads per core) family 6 model 142 stepping 10, cmov, cx8, fxsr, mmx, sse, sse2, sse3, ssse3, sse4.1, sse4.2, popcnt, avx, avx2, aes, clmul, erms, 3dnowpref, lzcnt, ht, tsc, tscinvbit, bmi1, bmi2, adx, fma

Memory: 4k page, system-wide physical 8101M (1611M free)
TotalPageFile size 16293M (AvailPageFile size 5M)
current process WorkingSet (physical memory assigned to process): 249M, peak: 251M
current process commit charge ("private bytes"): 278M, peak: 280M

vm_info: Java HotSpot(TM) 64-Bit Server VM (12.0.1+12) for windows-amd64 JRE (12.0.1+12), built on Apr  2 2019 14:02:19 by "mach5one" with MS VC++ 15.5 (VS2017)

END.
